INFO - 2023-08-18 18:10:43 --> Session: Class initialized using 'CodeIgniter\Session\Handlers\FileHandler' driver.
INFO - 2023-08-18 18:34:58 --> Session: Class initialized using 'CodeIgniter\Session\Handlers\FileHandler' driver.
INFO - 2023-08-18 18:35:23 --> Session: Class initialized using 'CodeIgniter\Session\Handlers\FileHandler' driver.
WARNING - 2023-08-18 18:35:23 --> Session: Sessions is enabled, and one exists. Please don't $session->start();
INFO - 2023-08-18 18:35:45 --> Session: Class initialized using 'CodeIgniter\Session\Handlers\FileHandler' driver.
WARNING - 2023-08-18 18:35:45 --> Session: Sessions is enabled, and one exists. Please don't $session->start();
INFO - 2023-08-18 18:37:06 --> Session: Class initialized using 'CodeIgniter\Session\Handlers\FileHandler' driver.
INFO - 2023-08-18 18:37:11 --> Session: Class initialized using 'CodeIgniter\Session\Handlers\FileHandler' driver.
INFO - 2023-08-18 18:42:46 --> Session: Class initialized using 'CodeIgniter\Session\Handlers\FileHandler' driver.
INFO - 2023-08-18 18:51:15 --> Session: Class initialized using 'CodeIgniter\Session\Handlers\FileHandler' driver.
INFO - 2023-08-18 18:51:53 --> Session: Class initialized using 'CodeIgniter\Session\Handlers\FileHandler' driver.
INFO - 2023-08-18 19:07:49 --> Session: Class initialized using 'CodeIgniter\Session\Handlers\FileHandler' driver.
INFO - 2023-08-18 19:07:53 --> Session: Class initialized using 'CodeIgniter\Session\Handlers\FileHandler' driver.
ERROR - 2023-08-18 19:07:53 --> mysqli_sql_exception: You have an error in your SQL syntax; check the manual that corresponds to your MariaDB server version for the right syntax to use near ' CONCAT('',COALESCE(project_name, ''),'-',COALESCE(district, ''),'') as sb098...' at line 1 in /var/www/html/system/Database/MySQLi/Connection.php:295
Stack trace:
#0 /var/www/html/system/Database/MySQLi/Connection.php(295): mysqli->query('SELECT vw_proje...', 0)
#1 /var/www/html/system/Database/BaseConnection.php(692): CodeIgniter\Database\MySQLi\Connection->execute('SELECT vw_proje...')
#2 /var/www/html/system/Database/BaseConnection.php(606): CodeIgniter\Database\BaseConnection->simpleQuery('SELECT vw_proje...')
#3 /var/www/html/system/Database/BaseBuilder.php(1616): CodeIgniter\Database\BaseConnection->query('SELECT vw_proje...', Array, false)
#4 /var/www/html/app/Models/GroceryCrudModel.php(280): CodeIgniter\Database\BaseBuilder->get()
#5 /var/www/html/app/Libraries/GroceryCrud.php(652): App\Models\GroceryCrudModel->get_relation_array('project_id', 'vw_projects', '{project_name}-...', NULL, NULL, NULL)
#6 /var/www/html/app/Libraries/GroceryCrud.php(2432): App\Libraries\grocery_CRUD_Model_Driver->get_relation_array(Array)
#7 /var/www/html/app/Libraries/GroceryCrud.php(231): App\Libraries\grocery_CRUD_Layout->get_relation_input(Object(stdClass), NULL)
#8 /var/www/html/app/Libraries/GroceryCrud.php(2548): App\Libraries\grocery_CRUD_Field_Types->get_field_input(Object(stdClass), NULL)
#9 /var/www/html/app/Libraries/GroceryCrud.php(1765): App\Libraries\grocery_CRUD_Layout->get_add_input_fields()
#10 /var/www/html/app/Libraries/GroceryCrud.php(4513): App\Libraries\grocery_CRUD_Layout->showAddForm()
#11 /var/www/html/app/Controllers/SubcontractorController.php(21): App\Libraries\GroceryCrud->render()
#12 /var/www/html/system/CodeIgniter.php(932): App\Controllers\SubcontractorController->index('add')
#13 /var/www/html/system/CodeIgniter.php(497): CodeIgniter\CodeIgniter->runController(Object(App\Controllers\SubcontractorController))
#14 /var/www/html/system/CodeIgniter.php(366): CodeIgniter\CodeIgniter->handleRequest(NULL, Object(Config\Cache), false)
#15 /var/www/html/public/index.php(67): CodeIgniter\CodeIgniter->run()
#16 {main}
CRITICAL - 2023-08-18 19:07:53 --> You have an error in your SQL syntax; check the manual that corresponds to your MariaDB server version for the right syntax to use near ' CONCAT('',COALESCE(project_name, ''),'-',COALESCE(district, ''),'') as sb098...' at line 1
in SYSTEMPATH/Database/MySQLi/Connection.php on line 295.
 1 SYSTEMPATH/Database/MySQLi/Connection.php(295): mysqli->query('SELECT vw_projects., CONCAT(\'\',COALESCE(project_name, \'\'),\'-\',COALESCE(district, \'\'),\'\') as sb098ad43
FROM `vw_projects`
ORDER BY `sb098ad43`', 0)
 2 SYSTEMPATH/Database/BaseConnection.php(692): CodeIgniter\Database\MySQLi\Connection->execute('SELECT vw_projects., CONCAT(\'\',COALESCE(project_name, \'\'),\'-\',COALESCE(district, \'\'),\'\') as sb098ad43
FROM `vw_projects`
ORDER BY `sb098ad43`')
 3 SYSTEMPATH/Database/BaseConnection.php(606): CodeIgniter\Database\BaseConnection->simpleQuery('SELECT vw_projects., CONCAT(\'\',COALESCE(project_name, \'\'),\'-\',COALESCE(district, \'\'),\'\') as sb098ad43
FROM `vw_projects`
ORDER BY `sb098ad43`')
 4 SYSTEMPATH/Database/BaseBuilder.php(1616): CodeIgniter\Database\BaseConnection->query('SELECT vw_projects., CONCAT(\'\',COALESCE(project_name, \'\'),\'-\',COALESCE(district, \'\'),\'\') as sb098ad43
FROM `vw_projects`
ORDER BY `sb098ad43`', [], false)
 5 APPPATH/Models/GroceryCrudModel.php(280): CodeIgniter\Database\BaseBuilder->get()
 6 APPPATH/Libraries/GroceryCrud.php(652): App\Models\GroceryCrudModel->get_relation_array('project_id', 'vw_projects', '{project_name}-{district}', null, null, null)
 7 APPPATH/Libraries/GroceryCrud.php(2432): App\Libraries\grocery_CRUD_Model_Driver->get_relation_array([...])
 8 APPPATH/Libraries/GroceryCrud.php(231): App\Libraries\grocery_CRUD_Layout->get_relation_input(Object(stdClass), null)
 9 APPPATH/Libraries/GroceryCrud.php(2548): App\Libraries\grocery_CRUD_Field_Types->get_field_input(Object(stdClass), null)
10 APPPATH/Libraries/GroceryCrud.php(1765): App\Libraries\grocery_CRUD_Layout->get_add_input_fields()
11 APPPATH/Libraries/GroceryCrud.php(4513): App\Libraries\grocery_CRUD_Layout->showAddForm()
12 APPPATH/Controllers/SubcontractorController.php(21): App\Libraries\GroceryCrud->render()
13 SYSTEMPATH/CodeIgniter.php(932): App\Controllers\SubcontractorController->index('add')
14 SYSTEMPATH/CodeIgniter.php(497): CodeIgniter\CodeIgniter->runController(Object(App\Controllers\SubcontractorController))
15 SYSTEMPATH/CodeIgniter.php(366): CodeIgniter\CodeIgniter->handleRequest(null, Object(Config\Cache), false)
16 FCPATH/index.php(67): CodeIgniter\CodeIgniter->run()
INFO - 2023-08-18 19:13:49 --> Session: Class initialized using 'CodeIgniter\Session\Handlers\FileHandler' driver.
ERROR - 2023-08-18 19:13:49 --> mysqli_sql_exception: You have an error in your SQL syntax; check the manual that corresponds to your MariaDB server version for the right syntax to use near ' CONCAT('',COALESCE(project_name, ''),'&nbsp;',COALESCE(district, ''),'') as ...' at line 1 in /var/www/html/system/Database/MySQLi/Connection.php:295
Stack trace:
#0 /var/www/html/system/Database/MySQLi/Connection.php(295): mysqli->query('SELECT vw_proje...', 0)
#1 /var/www/html/system/Database/BaseConnection.php(692): CodeIgniter\Database\MySQLi\Connection->execute('SELECT vw_proje...')
#2 /var/www/html/system/Database/BaseConnection.php(606): CodeIgniter\Database\BaseConnection->simpleQuery('SELECT vw_proje...')
#3 /var/www/html/system/Database/BaseBuilder.php(1616): CodeIgniter\Database\BaseConnection->query('SELECT vw_proje...', Array, false)
#4 /var/www/html/app/Models/GroceryCrudModel.php(280): CodeIgniter\Database\BaseBuilder->get()
#5 /var/www/html/app/Libraries/GroceryCrud.php(652): App\Models\GroceryCrudModel->get_relation_array('project_id', 'vw_projects', '{project_name}&...', NULL, NULL, NULL)
#6 /var/www/html/app/Libraries/GroceryCrud.php(2432): App\Libraries\grocery_CRUD_Model_Driver->get_relation_array(Array)
#7 /var/www/html/app/Libraries/GroceryCrud.php(231): App\Libraries\grocery_CRUD_Layout->get_relation_input(Object(stdClass), NULL)
#8 /var/www/html/app/Libraries/GroceryCrud.php(2548): App\Libraries\grocery_CRUD_Field_Types->get_field_input(Object(stdClass), NULL)
#9 /var/www/html/app/Libraries/GroceryCrud.php(1765): App\Libraries\grocery_CRUD_Layout->get_add_input_fields()
#10 /var/www/html/app/Libraries/GroceryCrud.php(4513): App\Libraries\grocery_CRUD_Layout->showAddForm()
#11 /var/www/html/app/Controllers/SubcontractorController.php(21): App\Libraries\GroceryCrud->render()
#12 /var/www/html/system/CodeIgniter.php(932): App\Controllers\SubcontractorController->index('add')
#13 /var/www/html/system/CodeIgniter.php(497): CodeIgniter\CodeIgniter->runController(Object(App\Controllers\SubcontractorController))
#14 /var/www/html/system/CodeIgniter.php(366): CodeIgniter\CodeIgniter->handleRequest(NULL, Object(Config\Cache), false)
#15 /var/www/html/public/index.php(67): CodeIgniter\CodeIgniter->run()
#16 {main}
CRITICAL - 2023-08-18 19:13:50 --> You have an error in your SQL syntax; check the manual that corresponds to your MariaDB server version for the right syntax to use near ' CONCAT('',COALESCE(project_name, ''),'&nbsp;',COALESCE(district, ''),'') as ...' at line 1
in SYSTEMPATH/Database/MySQLi/Connection.php on line 295.
 1 SYSTEMPATH/Database/MySQLi/Connection.php(295): mysqli->query('SELECT vw_projects., CONCAT(\'\',COALESCE(project_name, \'\'),\'&nbsp;\',COALESCE(district, \'\'),\'\') as sb098ad43
FROM `vw_projects`
ORDER BY `sb098ad43`', 0)
 2 SYSTEMPATH/Database/BaseConnection.php(692): CodeIgniter\Database\MySQLi\Connection->execute('SELECT vw_projects., CONCAT(\'\',COALESCE(project_name, \'\'),\'&nbsp;\',COALESCE(district, \'\'),\'\') as sb098ad43
FROM `vw_projects`
ORDER BY `sb098ad43`')
 3 SYSTEMPATH/Database/BaseConnection.php(606): CodeIgniter\Database\BaseConnection->simpleQuery('SELECT vw_projects., CONCAT(\'\',COALESCE(project_name, \'\'),\'&nbsp;\',COALESCE(district, \'\'),\'\') as sb098ad43
FROM `vw_projects`
ORDER BY `sb098ad43`')
 4 SYSTEMPATH/Database/BaseBuilder.php(1616): CodeIgniter\Database\BaseConnection->query('SELECT vw_projects., CONCAT(\'\',COALESCE(project_name, \'\'),\'&nbsp;\',COALESCE(district, \'\'),\'\') as sb098ad43
FROM `vw_projects`
ORDER BY `sb098ad43`', [], false)
 5 APPPATH/Models/GroceryCrudModel.php(280): CodeIgniter\Database\BaseBuilder->get()
 6 APPPATH/Libraries/GroceryCrud.php(652): App\Models\GroceryCrudModel->get_relation_array('project_id', 'vw_projects', '{project_name}&nbsp;{district}', null, null, null)
 7 APPPATH/Libraries/GroceryCrud.php(2432): App\Libraries\grocery_CRUD_Model_Driver->get_relation_array([...])
 8 APPPATH/Libraries/GroceryCrud.php(231): App\Libraries\grocery_CRUD_Layout->get_relation_input(Object(stdClass), null)
 9 APPPATH/Libraries/GroceryCrud.php(2548): App\Libraries\grocery_CRUD_Field_Types->get_field_input(Object(stdClass), null)
10 APPPATH/Libraries/GroceryCrud.php(1765): App\Libraries\grocery_CRUD_Layout->get_add_input_fields()
11 APPPATH/Libraries/GroceryCrud.php(4513): App\Libraries\grocery_CRUD_Layout->showAddForm()
12 APPPATH/Controllers/SubcontractorController.php(21): App\Libraries\GroceryCrud->render()
13 SYSTEMPATH/CodeIgniter.php(932): App\Controllers\SubcontractorController->index('add')
14 SYSTEMPATH/CodeIgniter.php(497): CodeIgniter\CodeIgniter->runController(Object(App\Controllers\SubcontractorController))
15 SYSTEMPATH/CodeIgniter.php(366): CodeIgniter\CodeIgniter->handleRequest(null, Object(Config\Cache), false)
16 FCPATH/index.php(67): CodeIgniter\CodeIgniter->run()
INFO - 2023-08-18 19:14:31 --> Session: Class initialized using 'CodeIgniter\Session\Handlers\FileHandler' driver.
INFO - 2023-08-18 19:15:40 --> Session: Class initialized using 'CodeIgniter\Session\Handlers\FileHandler' driver.
ERROR - 2023-08-18 19:15:40 --> mysqli_sql_exception: You have an error in your SQL syntax; check the manual that corresponds to your MariaDB server version for the right syntax to use near ' CONCAT('',COALESCE(project_name, ''),'') as sb098ad43
FROM `vw_projects`
ORD...' at line 1 in /var/www/html/system/Database/MySQLi/Connection.php:295
Stack trace:
#0 /var/www/html/system/Database/MySQLi/Connection.php(295): mysqli->query('SELECT vw_proje...', 0)
#1 /var/www/html/system/Database/BaseConnection.php(692): CodeIgniter\Database\MySQLi\Connection->execute('SELECT vw_proje...')
#2 /var/www/html/system/Database/BaseConnection.php(606): CodeIgniter\Database\BaseConnection->simpleQuery('SELECT vw_proje...')
#3 /var/www/html/system/Database/BaseBuilder.php(1616): CodeIgniter\Database\BaseConnection->query('SELECT vw_proje...', Array, false)
#4 /var/www/html/app/Models/GroceryCrudModel.php(280): CodeIgniter\Database\BaseBuilder->get()
#5 /var/www/html/app/Libraries/GroceryCrud.php(652): App\Models\GroceryCrudModel->get_relation_array('project_id', 'vw_projects', '{project_name}', NULL, NULL, NULL)
#6 /var/www/html/app/Libraries/GroceryCrud.php(2432): App\Libraries\grocery_CRUD_Model_Driver->get_relation_array(Array)
#7 /var/www/html/app/Libraries/GroceryCrud.php(231): App\Libraries\grocery_CRUD_Layout->get_relation_input(Object(stdClass), NULL)
#8 /var/www/html/app/Libraries/GroceryCrud.php(2548): App\Libraries\grocery_CRUD_Field_Types->get_field_input(Object(stdClass), NULL)
#9 /var/www/html/app/Libraries/GroceryCrud.php(1765): App\Libraries\grocery_CRUD_Layout->get_add_input_fields()
#10 /var/www/html/app/Libraries/GroceryCrud.php(4513): App\Libraries\grocery_CRUD_Layout->showAddForm()
#11 /var/www/html/app/Controllers/SubcontractorController.php(22): App\Libraries\GroceryCrud->render()
#12 /var/www/html/system/CodeIgniter.php(932): App\Controllers\SubcontractorController->index('add')
#13 /var/www/html/system/CodeIgniter.php(497): CodeIgniter\CodeIgniter->runController(Object(App\Controllers\SubcontractorController))
#14 /var/www/html/system/CodeIgniter.php(366): CodeIgniter\CodeIgniter->handleRequest(NULL, Object(Config\Cache), false)
#15 /var/www/html/public/index.php(67): CodeIgniter\CodeIgniter->run()
#16 {main}
CRITICAL - 2023-08-18 19:15:40 --> You have an error in your SQL syntax; check the manual that corresponds to your MariaDB server version for the right syntax to use near ' CONCAT('',COALESCE(project_name, ''),'') as sb098ad43
FROM `vw_projects`
ORD...' at line 1
in SYSTEMPATH/Database/MySQLi/Connection.php on line 295.
 1 SYSTEMPATH/Database/MySQLi/Connection.php(295): mysqli->query('SELECT vw_projects., CONCAT(\'\',COALESCE(project_name, \'\'),\'\') as sb098ad43
FROM `vw_projects`
ORDER BY `sb098ad43`', 0)
 2 SYSTEMPATH/Database/BaseConnection.php(692): CodeIgniter\Database\MySQLi\Connection->execute('SELECT vw_projects., CONCAT(\'\',COALESCE(project_name, \'\'),\'\') as sb098ad43
FROM `vw_projects`
ORDER BY `sb098ad43`')
 3 SYSTEMPATH/Database/BaseConnection.php(606): CodeIgniter\Database\BaseConnection->simpleQuery('SELECT vw_projects., CONCAT(\'\',COALESCE(project_name, \'\'),\'\') as sb098ad43
FROM `vw_projects`
ORDER BY `sb098ad43`')
 4 SYSTEMPATH/Database/BaseBuilder.php(1616): CodeIgniter\Database\BaseConnection->query('SELECT vw_projects., CONCAT(\'\',COALESCE(project_name, \'\'),\'\') as sb098ad43
FROM `vw_projects`
ORDER BY `sb098ad43`', [], false)
 5 APPPATH/Models/GroceryCrudModel.php(280): CodeIgniter\Database\BaseBuilder->get()
 6 APPPATH/Libraries/GroceryCrud.php(652): App\Models\GroceryCrudModel->get_relation_array('project_id', 'vw_projects', '{project_name}', null, null, null)
 7 APPPATH/Libraries/GroceryCrud.php(2432): App\Libraries\grocery_CRUD_Model_Driver->get_relation_array([...])
 8 APPPATH/Libraries/GroceryCrud.php(231): App\Libraries\grocery_CRUD_Layout->get_relation_input(Object(stdClass), null)
 9 APPPATH/Libraries/GroceryCrud.php(2548): App\Libraries\grocery_CRUD_Field_Types->get_field_input(Object(stdClass), null)
10 APPPATH/Libraries/GroceryCrud.php(1765): App\Libraries\grocery_CRUD_Layout->get_add_input_fields()
11 APPPATH/Libraries/GroceryCrud.php(4513): App\Libraries\grocery_CRUD_Layout->showAddForm()
12 APPPATH/Controllers/SubcontractorController.php(22): App\Libraries\GroceryCrud->render()
13 SYSTEMPATH/CodeIgniter.php(932): App\Controllers\SubcontractorController->index('add')
14 SYSTEMPATH/CodeIgniter.php(497): CodeIgniter\CodeIgniter->runController(Object(App\Controllers\SubcontractorController))
15 SYSTEMPATH/CodeIgniter.php(366): CodeIgniter\CodeIgniter->handleRequest(null, Object(Config\Cache), false)
16 FCPATH/index.php(67): CodeIgniter\CodeIgniter->run()
INFO - 2023-08-18 19:16:22 --> Session: Class initialized using 'CodeIgniter\Session\Handlers\FileHandler' driver.
INFO - 2023-08-18 19:16:35 --> Session: Class initialized using 'CodeIgniter\Session\Handlers\FileHandler' driver.
INFO - 2023-08-18 19:16:41 --> Session: Class initialized using 'CodeIgniter\Session\Handlers\FileHandler' driver.
INFO - 2023-08-18 19:17:01 --> Session: Class initialized using 'CodeIgniter\Session\Handlers\FileHandler' driver.
