CRITICAL - 2023-08-13 17:55:29 --> Undefined property: App\Controllers\Deed::$sourcesModel
in APPPATH/Controllers/Deed.php on line 71.
 1 APPPATH/Controllers/Deed.php(71): CodeIgniter\Debug\Exceptions->errorHandler(8, 'Undefined property: App\\Controllers\\Deed::$sourcesModel', '/var/www/html/app/Controllers/Deed.php', 71, [...])
 2 SYSTEMPATH/CodeIgniter.php(932): App\Controllers\Deed->getOne()
 3 SYSTEMPATH/CodeIgniter.php(497): CodeIgniter\CodeIgniter->runController(Object(App\Controllers\Deed))
 4 SYSTEMPATH/CodeIgniter.php(366): CodeIgniter\CodeIgniter->handleRequest(null, Object(Config\Cache), false)
 5 FCPATH/index.php(67): CodeIgniter\CodeIgniter->run()
CRITICAL - 2023-08-13 18:27:54 --> include(assets/grocery_crud/themes/bootstrap/config.php): failed to open stream: No such file or directory
in APPPATH/Libraries/GroceryCrud.php on line 2731.
 1 APPPATH/Libraries/GroceryCrud.php(2731): CodeIgniter\Debug\Exceptions->errorHandler(2, 'include(assets/grocery_crud/themes/bootstrap/config.php): failed to open stream: No such file or directory', '/var/www/html/app/Libraries/GroceryCrud.php', 2731, [])
 2 APPPATH/Libraries/GroceryCrud.php(2731): include()
 3 APPPATH/Libraries/GroceryCrud.php(4490): App\Libraries\grocery_CRUD_Layout->setThemeBasics()
 4 APPPATH/Controllers/SubcontractorController.php(19): App\Libraries\GroceryCrud->render()
 5 SYSTEMPATH/CodeIgniter.php(932): App\Controllers\SubcontractorController->index()
 6 SYSTEMPATH/CodeIgniter.php(497): CodeIgniter\CodeIgniter->runController(Object(App\Controllers\SubcontractorController))
 7 SYSTEMPATH/CodeIgniter.php(366): CodeIgniter\CodeIgniter->handleRequest(null, Object(Config\Cache), false)
 8 FCPATH/index.php(67): CodeIgniter\CodeIgniter->run()
CRITICAL - 2023-08-13 18:28:47 --> include(assets/grocery_crud/themes/bootstrap-v4/config.php): failed to open stream: No such file or directory
in APPPATH/Libraries/GroceryCrud.php on line 2731.
 1 APPPATH/Libraries/GroceryCrud.php(2731): CodeIgniter\Debug\Exceptions->errorHandler(2, 'include(assets/grocery_crud/themes/bootstrap-v4/config.php): failed to open stream: No such file or directory', '/var/www/html/app/Libraries/GroceryCrud.php', 2731, [])
 2 APPPATH/Libraries/GroceryCrud.php(2731): include()
 3 APPPATH/Libraries/GroceryCrud.php(4490): App\Libraries\grocery_CRUD_Layout->setThemeBasics()
 4 APPPATH/Controllers/SubcontractorController.php(19): App\Libraries\GroceryCrud->render()
 5 SYSTEMPATH/CodeIgniter.php(932): App\Controllers\SubcontractorController->index()
 6 SYSTEMPATH/CodeIgniter.php(497): CodeIgniter\CodeIgniter->runController(Object(App\Controllers\SubcontractorController))
 7 SYSTEMPATH/CodeIgniter.php(366): CodeIgniter\CodeIgniter->handleRequest(null, Object(Config\Cache), false)
 8 FCPATH/index.php(67): CodeIgniter\CodeIgniter->run()
