CRITICAL - 2023-08-03 09:38:00 --> include(assets/grocery_crud/languages/English.php): failed to open stream: No such file or directory
in APPPATH/Libraries/GroceryCrud.php on line 3979.
 1 APPPATH/Libraries/GroceryCrud.php(3979): CodeIgniter\Debug\Exceptions->errorHandler(2, 'include(assets/grocery_crud/languages/English.php): failed to open stream: No such file or directory', '/var/www/html/app/Libraries/GroceryCrud.php', 3979, [])
 2 APPPATH/Libraries/GroceryCrud.php(3979): include()
 3 APPPATH/Libraries/GroceryCrud.php(4443): App\Libraries\GroceryCrud->_load_language()
 4 APPPATH/Libraries/GroceryCrud.php(4467): App\Libraries\GroceryCrud->pre_render()
 5 APPPATH/Controllers/Examples.php(13): App\Libraries\GroceryCrud->render()
 6 SYSTEMPATH/CodeIgniter.php(932): App\Controllers\Examples->customers_management()
 7 SYSTEMPATH/CodeIgniter.php(497): CodeIgniter\CodeIgniter->runController(Object(App\Controllers\Examples))
 8 SYSTEMPATH/CodeIgniter.php(366): CodeIgniter\CodeIgniter->handleRequest(null, Object(Config\Cache), false)
 9 FCPATH/index.php(67): CodeIgniter\CodeIgniter->run()
CRITICAL - 2023-08-03 09:45:24 --> include(assets/grocery_crud/languages/English.php): failed to open stream: No such file or directory
in APPPATH/Libraries/GroceryCrud.php on line 3979.
 1 APPPATH/Libraries/GroceryCrud.php(3979): CodeIgniter\Debug\Exceptions->errorHandler(2, 'include(assets/grocery_crud/languages/English.php): failed to open stream: No such file or directory', '/var/www/html/app/Libraries/GroceryCrud.php', 3979, [])
 2 APPPATH/Libraries/GroceryCrud.php(3979): include()
 3 APPPATH/Libraries/GroceryCrud.php(4443): App\Libraries\GroceryCrud->_load_language()
 4 APPPATH/Libraries/GroceryCrud.php(4467): App\Libraries\GroceryCrud->pre_render()
 5 APPPATH/Controllers/Examples.php(13): App\Libraries\GroceryCrud->render()
 6 SYSTEMPATH/CodeIgniter.php(932): App\Controllers\Examples->customers_management()
 7 SYSTEMPATH/CodeIgniter.php(497): CodeIgniter\CodeIgniter->runController(Object(App\Controllers\Examples))
 8 SYSTEMPATH/CodeIgniter.php(366): CodeIgniter\CodeIgniter->handleRequest(null, Object(Config\Cache), false)
 9 FCPATH/index.php(67): CodeIgniter\CodeIgniter->run()
CRITICAL - 2023-08-03 09:47:35 --> include(assets/grocery_crud/languages/English.php): failed to open stream: No such file or directory
in APPPATH/Libraries/GroceryCrud.php on line 3979.
 1 APPPATH/Libraries/GroceryCrud.php(3979): CodeIgniter\Debug\Exceptions->errorHandler(2, 'include(assets/grocery_crud/languages/English.php): failed to open stream: No such file or directory', '/var/www/html/app/Libraries/GroceryCrud.php', 3979, [])
 2 APPPATH/Libraries/GroceryCrud.php(3979): include()
 3 APPPATH/Libraries/GroceryCrud.php(4443): App\Libraries\GroceryCrud->_load_language()
 4 APPPATH/Libraries/GroceryCrud.php(4467): App\Libraries\GroceryCrud->pre_render()
 5 APPPATH/Controllers/Examples.php(13): App\Libraries\GroceryCrud->render()
 6 SYSTEMPATH/CodeIgniter.php(932): App\Controllers\Examples->customers_management()
 7 SYSTEMPATH/CodeIgniter.php(497): CodeIgniter\CodeIgniter->runController(Object(App\Controllers\Examples))
 8 SYSTEMPATH/CodeIgniter.php(366): CodeIgniter\CodeIgniter->handleRequest(null, Object(Config\Cache), false)
 9 FCPATH/index.php(67): CodeIgniter\CodeIgniter->run()
CRITICAL - 2023-08-03 09:51:31 --> include(assets/grocery_crud/languages/English.php): failed to open stream: No such file or directory
in APPPATH/Libraries/GroceryCrud.php on line 3979.
 1 APPPATH/Libraries/GroceryCrud.php(3979): CodeIgniter\Debug\Exceptions->errorHandler(2, 'include(assets/grocery_crud/languages/English.php): failed to open stream: No such file or directory', '/var/www/html/app/Libraries/GroceryCrud.php', 3979, [])
 2 APPPATH/Libraries/GroceryCrud.php(3979): include()
 3 APPPATH/Libraries/GroceryCrud.php(4443): App\Libraries\GroceryCrud->_load_language()
 4 APPPATH/Libraries/GroceryCrud.php(4467): App\Libraries\GroceryCrud->pre_render()
 5 APPPATH/Controllers/Examples.php(13): App\Libraries\GroceryCrud->render()
 6 SYSTEMPATH/CodeIgniter.php(932): App\Controllers\Examples->customers_management()
 7 SYSTEMPATH/CodeIgniter.php(497): CodeIgniter\CodeIgniter->runController(Object(App\Controllers\Examples))
 8 SYSTEMPATH/CodeIgniter.php(366): CodeIgniter\CodeIgniter->handleRequest(null, Object(Config\Cache), false)
 9 FCPATH/index.php(67): CodeIgniter\CodeIgniter->run()
CRITICAL - 2023-08-03 09:55:11 --> The table name does not exist. Please check you database and try again.
in APPPATH/Libraries/GroceryCrud.php on line 4971.
 1 APPPATH/Libraries/GroceryCrud.php(4450): App\Libraries\GroceryCrud->get_table()
 2 APPPATH/Libraries/GroceryCrud.php(4467): App\Libraries\GroceryCrud->pre_render()
 3 APPPATH/Controllers/Examples.php(13): App\Libraries\GroceryCrud->render()
 4 SYSTEMPATH/CodeIgniter.php(932): App\Controllers\Examples->customers_management()
 5 SYSTEMPATH/CodeIgniter.php(497): CodeIgniter\CodeIgniter->runController(Object(App\Controllers\Examples))
 6 SYSTEMPATH/CodeIgniter.php(366): CodeIgniter\CodeIgniter->handleRequest(null, Object(Config\Cache), false)
 7 FCPATH/index.php(67): CodeIgniter\CodeIgniter->run()
CRITICAL - 2023-08-03 10:05:55 --> Undefined property: App\Controllers\Examples::$load
in APPPATH/Controllers/Examples.php on line 9.
 1 APPPATH/Controllers/Examples.php(9): CodeIgniter\Debug\Exceptions->errorHandler(8, 'Undefined property: App\\Controllers\\Examples::$load', '/var/www/html/app/Controllers/Examples.php', 9, [])
 2 SYSTEMPATH/CodeIgniter.php(932): App\Controllers\Examples->customers_management()
 3 SYSTEMPATH/CodeIgniter.php(497): CodeIgniter\CodeIgniter->runController(Object(App\Controllers\Examples))
 4 SYSTEMPATH/CodeIgniter.php(366): CodeIgniter\CodeIgniter->handleRequest(null, Object(Config\Cache), false)
 5 FCPATH/index.php(67): CodeIgniter\CodeIgniter->run()
CRITICAL - 2023-08-03 10:08:32 --> include(assets/grocery_crud/languages/English.php): failed to open stream: No such file or directory
in APPPATH/Libraries/GroceryCrud.php on line 3979.
 1 APPPATH/Libraries/GroceryCrud.php(3979): CodeIgniter\Debug\Exceptions->errorHandler(2, 'include(assets/grocery_crud/languages/English.php): failed to open stream: No such file or directory', '/var/www/html/app/Libraries/GroceryCrud.php', 3979, [])
 2 APPPATH/Libraries/GroceryCrud.php(3979): include()
 3 APPPATH/Libraries/GroceryCrud.php(4443): App\Libraries\GroceryCrud->_load_language()
 4 APPPATH/Libraries/GroceryCrud.php(4467): App\Libraries\GroceryCrud->pre_render()
 5 APPPATH/Controllers/Examples.php(14): App\Libraries\GroceryCrud->render()
 6 SYSTEMPATH/CodeIgniter.php(932): App\Controllers\Examples->customers_management('add')
 7 SYSTEMPATH/CodeIgniter.php(497): CodeIgniter\CodeIgniter->runController(Object(App\Controllers\Examples))
 8 SYSTEMPATH/CodeIgniter.php(366): CodeIgniter\CodeIgniter->handleRequest(null, Object(Config\Cache), false)
 9 FCPATH/index.php(67): CodeIgniter\CodeIgniter->run()
CRITICAL - 2023-08-03 20:05:33 --> Updates are not allowed unless they contain a "where" or "like" clause.
in SYSTEMPATH/Model.php on line 391.
 1 SYSTEMPATH/BaseModel.php(943): CodeIgniter\Model->doUpdate(null, [...])
 2 SYSTEMPATH/Model.php(756): CodeIgniter\BaseModel->update(null, [...])
 3 APPPATH/Controllers/Districts.php(135): CodeIgniter\Model->update(null, [...])
 4 SYSTEMPATH/CodeIgniter.php(932): App\Controllers\Districts->edit('1')
 5 SYSTEMPATH/CodeIgniter.php(497): CodeIgniter\CodeIgniter->runController(Object(App\Controllers\Districts))
 6 SYSTEMPATH/CodeIgniter.php(366): CodeIgniter\CodeIgniter->handleRequest(null, Object(Config\Cache), false)
 7 FCPATH/index.php(67): CodeIgniter\CodeIgniter->run()
CRITICAL - 2023-08-03 20:05:54 --> The table name does not exist. Please check you database and try again.
in APPPATH/Libraries/GroceryCrud.php on line 4971.
 1 APPPATH/Libraries/GroceryCrud.php(4450): App\Libraries\GroceryCrud->get_table()
 2 APPPATH/Libraries/GroceryCrud.php(4467): App\Libraries\GroceryCrud->pre_render()
 3 APPPATH/Controllers/Examples.php(28): App\Libraries\GroceryCrud->render()
 4 SYSTEMPATH/CodeIgniter.php(932): App\Controllers\Examples->orders_management()
 5 SYSTEMPATH/CodeIgniter.php(497): CodeIgniter\CodeIgniter->runController(Object(App\Controllers\Examples))
 6 SYSTEMPATH/CodeIgniter.php(366): CodeIgniter\CodeIgniter->handleRequest(null, Object(Config\Cache), false)
 7 FCPATH/index.php(67): CodeIgniter\CodeIgniter->run()
ERROR - 2023-08-03 20:58:32 --> mysqli_sql_exception: Unknown column 'projects.district' in 'on clause' in /var/www/html/system/Database/MySQLi/Connection.php:295
Stack trace:
#0 /var/www/html/system/Database/MySQLi/Connection.php(295): mysqli->query('SELECT `project...', 0)
#1 /var/www/html/system/Database/BaseConnection.php(692): CodeIgniter\Database\MySQLi\Connection->execute('SELECT `project...')
#2 /var/www/html/system/Database/BaseConnection.php(606): CodeIgniter\Database\BaseConnection->simpleQuery('SELECT `project...')
#3 /var/www/html/system/Database/BaseBuilder.php(1616): CodeIgniter\Database\BaseConnection->query('SELECT `project...', Array, false)
#4 /var/www/html/app/Models/GroceryCrudModel.php(89): CodeIgniter\Database\BaseBuilder->get()
#5 /var/www/html/app/Libraries/GroceryCrud.php(1383): App\Models\GroceryCrudModel->get_list()
#6 /var/www/html/app/Libraries/GroceryCrud.php(1503): App\Libraries\grocery_CRUD_Model_Driver->get_list()
#7 /var/www/html/app/Libraries/GroceryCrud.php(4496): App\Libraries\grocery_CRUD_Layout->showList(false, Object(stdClass))
#8 /var/www/html/app/Controllers/ProjectsController.php(17): App\Libraries\GroceryCrud->render()
#9 /var/www/html/system/CodeIgniter.php(932): App\Controllers\ProjectsController->index()
#10 /var/www/html/system/CodeIgniter.php(497): CodeIgniter\CodeIgniter->runController(Object(App\Controllers\ProjectsController))
#11 /var/www/html/system/CodeIgniter.php(366): CodeIgniter\CodeIgniter->handleRequest(NULL, Object(Config\Cache), false)
#12 /var/www/html/index.php(67): CodeIgniter\CodeIgniter->run()
#13 {main}
CRITICAL - 2023-08-03 20:58:32 --> Unknown column 'projects.district' in 'on clause'
in SYSTEMPATH/Database/MySQLi/Connection.php on line 295.
 1 SYSTEMPATH/Database/MySQLi/Connection.php(295): mysqli->query('SELECT `projects`.*, CONCAT(\'\',COALESCE(j6b77ef4b.district, \'\'),\'\') as s6b77ef4b
FROM `projects`
LEFT JOIN `districts` as `j6b77ef4b` ON `j6b77ef4b`.`id` = `projects`.`district`
 LIMIT 10', 0)
 2 SYSTEMPATH/Database/BaseConnection.php(692): CodeIgniter\Database\MySQLi\Connection->execute('SELECT `projects`.*, CONCAT(\'\',COALESCE(j6b77ef4b.district, \'\'),\'\') as s6b77ef4b
FROM `projects`
LEFT JOIN `districts` as `j6b77ef4b` ON `j6b77ef4b`.`id` = `projects`.`district`
 LIMIT 10')
 3 SYSTEMPATH/Database/BaseConnection.php(606): CodeIgniter\Database\BaseConnection->simpleQuery('SELECT `projects`.*, CONCAT(\'\',COALESCE(j6b77ef4b.district, \'\'),\'\') as s6b77ef4b
FROM `projects`
LEFT JOIN `districts` as `j6b77ef4b` ON `j6b77ef4b`.`id` = `projects`.`district`
 LIMIT 10')
 4 SYSTEMPATH/Database/BaseBuilder.php(1616): CodeIgniter\Database\BaseConnection->query('SELECT `projects`.*, CONCAT(\'\',COALESCE(j6b77ef4b.district, \'\'),\'\') as s6b77ef4b
FROM `projects`
LEFT JOIN `districts` as `j6b77ef4b` ON `j6b77ef4b`.`id` = `projects`.`district`
 LIMIT 10', [], false)
 5 APPPATH/Models/GroceryCrudModel.php(89): CodeIgniter\Database\BaseBuilder->get()
 6 APPPATH/Libraries/GroceryCrud.php(1383): App\Models\GroceryCrudModel->get_list()
 7 APPPATH/Libraries/GroceryCrud.php(1503): App\Libraries\grocery_CRUD_Model_Driver->get_list()
 8 APPPATH/Libraries/GroceryCrud.php(4496): App\Libraries\grocery_CRUD_Layout->showList(false, Object(stdClass))
 9 APPPATH/Controllers/ProjectsController.php(17): App\Libraries\GroceryCrud->render()
10 SYSTEMPATH/CodeIgniter.php(932): App\Controllers\ProjectsController->index()
11 SYSTEMPATH/CodeIgniter.php(497): CodeIgniter\CodeIgniter->runController(Object(App\Controllers\ProjectsController))
12 SYSTEMPATH/CodeIgniter.php(366): CodeIgniter\CodeIgniter->handleRequest(null, Object(Config\Cache), false)
13 FCPATH/index.php(67): CodeIgniter\CodeIgniter->run()
CRITICAL - 2023-08-03 21:28:28 --> The table name does not exist. Please check you database and try again.
in APPPATH/Libraries/GroceryCrud.php on line 4971.
 1 APPPATH/Libraries/GroceryCrud.php(4450): App\Libraries\GroceryCrud->get_table()
 2 APPPATH/Libraries/GroceryCrud.php(4467): App\Libraries\GroceryCrud->pre_render()
 3 APPPATH/Controllers/ProjectsBillController.php(17): App\Libraries\GroceryCrud->render()
 4 SYSTEMPATH/CodeIgniter.php(932): App\Controllers\ProjectsBillController->index()
 5 SYSTEMPATH/CodeIgniter.php(497): CodeIgniter\CodeIgniter->runController(Object(App\Controllers\ProjectsBillController))
 6 SYSTEMPATH/CodeIgniter.php(366): CodeIgniter\CodeIgniter->handleRequest(null, Object(Config\Cache), false)
 7 FCPATH/index.php(67): CodeIgniter\CodeIgniter->run()
